<?xml version="1.0" encoding="UTF-8"?>
<testsuite name="ch.course223.advanced.domainmodels.user.unit.UserServiceImplTest" tests="5" skipped="0" failures="0" errors="0" timestamp="2020-04-14T11:22:48" hostname="LAPTOP-52QGNF7J" time="0.032">
  <properties/>
  <testcase name="findAll_requestAllUsers_returnsAllUsers" classname="ch.course223.advanced.domainmodels.user.unit.UserServiceImplTest" time="0.008"/>
  <testcase name="updateUserById_requestUserToBeUpdated_returnUpdatedUser" classname="ch.course223.advanced.domainmodels.user.unit.UserServiceImplTest" time="0.005"/>
  <testcase name="deleteUserById_requestADeletionOfUserById_returnAppropriateState" classname="ch.course223.advanced.domainmodels.user.unit.UserServiceImplTest" time="0.006"/>
  <testcase name="findById_requestUserById_returnsUser" classname="ch.course223.advanced.domainmodels.user.unit.UserServiceImplTest" time="0.005"/>
  <testcase name="create_deliverUserToCreate_returnCreatedUser" classname="ch.course223.advanced.domainmodels.user.unit.UserServiceImplTest" time="0.004"/>
  <system-out><![CDATA[]]></system-out>
  <system-err><![CDATA[]]></system-err>
</testsuite>
