<?xml version="1.0" encoding="UTF-8"?>
<testsuite name="ch.course223.advanced.domainmodels.user.unit.UserControllerTest" tests="6" skipped="0" failures="0" errors="0" timestamp="2020-04-14T11:22:45" hostname="LAPTOP-52QGNF7J" time="0.504">
  <properties/>
  <testcase name="findAll_requestAllUsers_returnsAllUsers" classname="ch.course223.advanced.domainmodels.user.unit.UserControllerTest" time="0.221"/>
  <testcase name="updateUserById_requestUserDTOToBeUpdated_returnUpdatedUserDTO" classname="ch.course223.advanced.domainmodels.user.unit.UserControllerTest" time="0.201"/>
  <testcase name="deleteUserById_requestADeletionOfUserById_returnAppropriateState" classname="ch.course223.advanced.domainmodels.user.unit.UserControllerTest" time="0.008"/>
  <testcase name="updateUserById_requestUserDTOWithWrongEmailToBeUpdated_returnBadRequest" classname="ch.course223.advanced.domainmodels.user.unit.UserControllerTest" time="0.04"/>
  <testcase name="findById_requestUserById_returnsUser" classname="ch.course223.advanced.domainmodels.user.unit.UserControllerTest" time="0.011"/>
  <testcase name="create_deliverUserDTOToCreate_returnCreatedUserDTO" classname="ch.course223.advanced.domainmodels.user.unit.UserControllerTest" time="0.018"/>
  <system-out><![CDATA[13:22:38.369 [Test worker] DEBUG org.springframework.test.annotation.ProfileValueUtils - Retrieved @ProfileValueSourceConfiguration [null] for test class [ch.course223.advanced.domainmodels.user.unit.UserControllerTest]
13:22:38.370 [Test worker] DEBUG org.springframework.test.annotation.ProfileValueUtils - Retrieved ProfileValueSource type [class org.springframework.test.annotation.SystemProfileValueSource] for class [ch.course223.advanced.domainmodels.user.unit.UserControllerTest]
13:22:38.371 [Test worker] DEBUG org.springframework.test.annotation.ProfileValueUtils - Retrieved @ProfileValueSourceConfiguration [null] for test class [ch.course223.advanced.domainmodels.user.unit.UserControllerTest]
13:22:38.371 [Test worker] DEBUG org.springframework.test.annotation.ProfileValueUtils - Retrieved ProfileValueSource type [class org.springframework.test.annotation.SystemProfileValueSource] for class [ch.course223.advanced.domainmodels.user.unit.UserControllerTest]
13:22:38.373 [Test worker] DEBUG org.springframework.test.context.support.AbstractDirtiesContextTestExecutionListener - Before test class: context [DefaultTestContext@497171e1 testClass = UserControllerTest, testInstance = [null], testMethod = [null], testException = [null], mergedContextConfiguration = [WebMergedContextConfiguration@3052d979 testClass = UserControllerTest, locations = '{}', classes = '{class ch.course223.advanced.Main}', contextInitializerClasses = '[]', activeProfiles = '{}', propertySourceLocations = '{classpath:application-test.properties}', propertySourceProperties = '{org.springframework.boot.test.context.SpringBootTestContextBootstrapper=true}', contextCustomizers = set[org.springframework.boot.test.autoconfigure.properties.PropertyMappingContextCustomizer@4b3fa0b3, org.springframework.boot.test.autoconfigure.web.servlet.WebDriverContextCustomizerFactory$Customizer@56842754, [ImportsContextCustomizer@14e0cf24 key = [org.springframework.boot.test.autoconfigure.web.servlet.MockMvcAutoConfiguration, org.springframework.boot.test.autoconfigure.web.servlet.MockMvcWebClientAutoConfiguration, org.springframework.boot.test.autoconfigure.web.servlet.MockMvcWebDriverAutoConfiguration, org.springframework.boot.autoconfigure.security.servlet.SecurityAutoConfiguration, org.springframework.boot.autoconfigure.security.servlet.UserDetailsServiceAutoConfiguration, org.springframework.boot.test.autoconfigure.web.servlet.MockMvcSecurityConfiguration]], org.springframework.boot.test.context.filter.ExcludeFilterContextCustomizer@c3e84a3, org.springframework.boot.test.json.DuplicateJsonObjectContextCustomizerFactory$DuplicateJsonObjectContextCustomizer@3b304177, org.springframework.boot.test.mock.mockito.MockitoContextCustomizer@e8330c28, org.springframework.boot.test.web.client.TestRestTemplateContextCustomizer@3107339a], resourceBasePath = 'src/main/webapp', contextLoader = 'org.springframework.boot.test.context.SpringBootContextLoader', parent = [null]], attributes = map['org.springframework.test.context.web.ServletTestExecutionListener.activateListener' -> true]], class annotated with @DirtiesContext [false] with mode [null].
13:22:38.466 [Test worker] DEBUG org.springframework.test.annotation.ProfileValueUtils - Retrieved @ProfileValueSourceConfiguration [null] for test class [ch.course223.advanced.domainmodels.user.unit.UserControllerTest]
13:22:38.466 [Test worker] DEBUG org.springframework.test.annotation.ProfileValueUtils - Retrieved ProfileValueSource type [class org.springframework.test.annotation.SystemProfileValueSource] for class [ch.course223.advanced.domainmodels.user.unit.UserControllerTest]
13:22:38.491 [Test worker] DEBUG org.springframework.test.context.support.TestPropertySourceUtils - Adding inlined properties to environment: {spring.jmx.enabled=false, org.springframework.boot.test.context.SpringBootTestContextBootstrapper=true, server.port=-1}

  .   ____          _            __ _ _
 /\\ / ___'_ __ _ _(_)_ __  __ _ \ \ \ \
( ( )\___ | '_ | '_| | '_ \/ _` | \ \ \ \
 \\/  ___)| |_)| | | | | || (_| |  ) ) ) )
  '  |____| .__|_| |_|_| |_\__, | / / / /
 =========|_|==============|___/=/_/_/_/
 :: Spring Boot ::        (v2.2.6.RELEASE)

2020-04-14 13:22:38.810  INFO 23148 --- [    Test worker] c.c.a.d.user.unit.UserControllerTest     : Starting UserControllerTest on LAPTOP-52QGNF7J with PID 23148 (started by kleme in C:\Users\kleme\OneDrive\Dokumente\GitHub\uek_223_advanced)
2020-04-14 13:22:38.812  INFO 23148 --- [    Test worker] c.c.a.d.user.unit.UserControllerTest     : No active profile set, falling back to default profiles: default
2020-04-14 13:22:39.690  INFO 23148 --- [    Test worker] .s.d.r.c.RepositoryConfigurationDelegate : Bootstrapping Spring Data JPA repositories in DEFAULT mode.
2020-04-14 13:22:39.811  INFO 23148 --- [    Test worker] .s.d.r.c.RepositoryConfigurationDelegate : Finished Spring Data repository scanning in 110ms. Found 4 JPA repository interfaces.
2020-04-14 13:22:41.145  INFO 23148 --- [    Test worker] o.hibernate.jpa.internal.util.LogHelper  : HHH000204: Processing PersistenceUnitInfo [name: default]
2020-04-14 13:22:41.246  INFO 23148 --- [    Test worker] org.hibernate.Version                    : HHH000412: Hibernate ORM core version 5.4.12.Final
2020-04-14 13:22:41.289  INFO 23148 --- [    Test worker] o.hibernate.annotations.common.Version   : HCANN000001: Hibernate Commons Annotations {5.1.0.Final}
2020-04-14 13:22:41.400  INFO 23148 --- [    Test worker] com.zaxxer.hikari.HikariDataSource       : HikariPool-1 - Starting...
2020-04-14 13:22:41.613  INFO 23148 --- [    Test worker] com.zaxxer.hikari.HikariDataSource       : HikariPool-1 - Start completed.
2020-04-14 13:22:41.640  INFO 23148 --- [    Test worker] org.hibernate.dialect.Dialect            : HHH000400: Using dialect: org.hibernate.dialect.H2Dialect
2020-04-14 13:22:41.971  WARN 23148 --- [    Test worker] org.hibernate.id.UUIDHexGenerator        : HHH000409: Using org.hibernate.id.UUIDHexGenerator which does not generate IETF RFC 4122 compliant UUID values; consider using org.hibernate.id.UUIDGenerator instead
2020-04-14 13:22:42.617  INFO 23148 --- [    Test worker] o.h.e.t.j.p.i.JtaPlatformInitiator       : HHH000490: Using JtaPlatform implementation: [org.hibernate.engine.transaction.jta.platform.internal.NoJtaPlatform]
2020-04-14 13:22:42.625  INFO 23148 --- [    Test worker] j.LocalContainerEntityManagerFactoryBean : Initialized JPA EntityManagerFactory for persistence unit 'default'
2020-04-14 13:22:42.836  WARN 23148 --- [    Test worker] JpaBaseConfiguration$JpaWebConfiguration : spring.jpa.open-in-view is enabled by default. Therefore, database queries may be performed during view rendering. Explicitly configure spring.jpa.open-in-view to disable this warning
2020-04-14 13:22:43.569  INFO 23148 --- [    Test worker] o.s.s.web.DefaultSecurityFilterChain     : Creating filter chain: any request, [org.springframework.security.web.context.request.async.WebAsyncManagerIntegrationFilter@6f9459b2, org.springframework.security.web.context.SecurityContextPersistenceFilter@5ff2f011, org.springframework.security.web.header.HeaderWriterFilter@7cd3c86, org.springframework.web.filter.CorsFilter@3cddf026, org.springframework.security.web.authentication.logout.LogoutFilter@31ec6c50, ch.course223.advanced.security.JWTAuthenticationFilter@56b39610, ch.course223.advanced.security.JWTAuthorizationFilter@79b0cc00, org.springframework.security.web.savedrequest.RequestCacheAwareFilter@2031bfee, org.springframework.security.web.servletapi.SecurityContextHolderAwareRequestFilter@103daaf7, org.springframework.security.web.authentication.AnonymousAuthenticationFilter@3424434d, org.springframework.security.web.session.SessionManagementFilter@469b96cf, org.springframework.security.web.access.ExceptionTranslationFilter@5314db34, org.springframework.security.web.access.intercept.FilterSecurityInterceptor@130e79f7]
2020-04-14 13:22:44.766  INFO 23148 --- [    Test worker] o.s.s.concurrent.ThreadPoolTaskExecutor  : Initializing ExecutorService 'applicationTaskExecutor'
2020-04-14 13:22:45.189  INFO 23148 --- [    Test worker] o.s.b.a.h2.H2ConsoleAutoConfiguration    : H2 console available at '/h2-console'. Database available at 'jdbc:h2:mem:testdb'
2020-04-14 13:22:45.320  INFO 23148 --- [    Test worker] o.s.b.t.m.w.SpringBootMockServletContext : Initializing Spring TestDispatcherServlet ''
2020-04-14 13:22:45.320  INFO 23148 --- [    Test worker] o.s.t.web.servlet.TestDispatcherServlet  : Initializing Servlet ''
2020-04-14 13:22:45.335  INFO 23148 --- [    Test worker] o.s.t.web.servlet.TestDispatcherServlet  : Completed initialization in 14 ms
2020-04-14 13:22:45.357  INFO 23148 --- [    Test worker] c.c.a.d.user.unit.UserControllerTest     : Started UserControllerTest in 6.857 seconds (JVM running for 8.787)
2020-04-14 13:22:45.859  WARN 23148 --- [    Test worker] .w.s.m.s.DefaultHandlerExceptionResolver : Resolved [org.springframework.web.bind.MethodArgumentNotValidException: Validation failed for argument [1] in public org.springframework.http.ResponseEntity<ch.course223.advanced.domainmodels.user.UserDTO> ch.course223.advanced.domainmodels.user.UserController.updateById(java.lang.String,ch.course223.advanced.domainmodels.user.UserDTO): [Field error in object 'userDTO' on field 'email': rejected value [gugus]; codes [Email.userDTO.email,Email.email,Email.java.lang.String,Email]; arguments [org.springframework.context.support.DefaultMessageSourceResolvable: codes [userDTO.email,email]; arguments []; default message [email],[Ljavax.validation.constraints.Pattern$Flag;@3b4c95a7,.*]; default message [must be a well-formed email address]] ]
]]></system-out>
  <system-err><![CDATA[]]></system-err>
</testsuite>
