<?xml version="1.0" encoding="UTF-8"?>
<testsuite name="ch.course223.advanced.domainmodels.user.unit.UserController" tests="1" skipped="0" failures="0" errors="0" timestamp="2020-04-11T20:00:58" hostname="aschvin-Surface-Book" time="0.304">
  <properties/>
  <testcase name="findById_requestUserById_returnsUser" classname="ch.course223.advanced.domainmodels.user.unit.UserController" time="0.304"/>
  <system-out><![CDATA[22:00:50.420 [Test worker] DEBUG org.springframework.test.annotation.ProfileValueUtils - Retrieved @ProfileValueSourceConfiguration [null] for test class [ch.course223.advanced.domainmodels.user.unit.UserController]
22:00:50.424 [Test worker] DEBUG org.springframework.test.annotation.ProfileValueUtils - Retrieved ProfileValueSource type [class org.springframework.test.annotation.SystemProfileValueSource] for class [ch.course223.advanced.domainmodels.user.unit.UserController]
22:00:50.425 [Test worker] DEBUG org.springframework.test.annotation.ProfileValueUtils - Retrieved @ProfileValueSourceConfiguration [null] for test class [ch.course223.advanced.domainmodels.user.unit.UserController]
22:00:50.426 [Test worker] DEBUG org.springframework.test.annotation.ProfileValueUtils - Retrieved ProfileValueSource type [class org.springframework.test.annotation.SystemProfileValueSource] for class [ch.course223.advanced.domainmodels.user.unit.UserController]
22:00:50.439 [Test worker] DEBUG org.springframework.test.context.support.AbstractDirtiesContextTestExecutionListener - Before test class: context [DefaultTestContext@783cf048 testClass = UserController, testInstance = [null], testMethod = [null], testException = [null], mergedContextConfiguration = [WebMergedContextConfiguration@7f38d34d testClass = UserController, locations = '{}', classes = '{class ch.course223.advanced.Main}', contextInitializerClasses = '[]', activeProfiles = '{}', propertySourceLocations = '{classpath:application-test.properties}', propertySourceProperties = '{org.springframework.boot.test.context.SpringBootTestContextBootstrapper=true}', contextCustomizers = set[org.springframework.boot.test.autoconfigure.properties.PropertyMappingContextCustomizer@4b3fa0b3, org.springframework.boot.test.autoconfigure.web.servlet.WebDriverContextCustomizerFactory$Customizer@2a22fea7, [ImportsContextCustomizer@2941cf1 key = [org.springframework.boot.test.autoconfigure.web.servlet.MockMvcAutoConfiguration, org.springframework.boot.test.autoconfigure.web.servlet.MockMvcWebClientAutoConfiguration, org.springframework.boot.test.autoconfigure.web.servlet.MockMvcWebDriverAutoConfiguration, org.springframework.boot.autoconfigure.security.servlet.SecurityAutoConfiguration, org.springframework.boot.autoconfigure.security.servlet.UserDetailsServiceAutoConfiguration, org.springframework.boot.test.autoconfigure.web.servlet.MockMvcSecurityConfiguration]], org.springframework.boot.test.context.filter.ExcludeFilterContextCustomizer@6aeabc35, org.springframework.boot.test.json.DuplicateJsonObjectContextCustomizerFactory$DuplicateJsonObjectContextCustomizer@513c9b7e, org.springframework.boot.test.mock.mockito.MockitoContextCustomizer@ceaad03, org.springframework.boot.test.web.client.TestRestTemplateContextCustomizer@443b31f1], resourceBasePath = 'src/main/webapp', contextLoader = 'org.springframework.boot.test.context.SpringBootContextLoader', parent = [null]], attributes = map['org.springframework.test.context.web.ServletTestExecutionListener.activateListener' -> true]], class annotated with @DirtiesContext [false] with mode [null].
22:00:50.446 [Test worker] DEBUG org.springframework.test.annotation.ProfileValueUtils - Retrieved @ProfileValueSourceConfiguration [null] for test class [ch.course223.advanced.domainmodels.user.unit.UserController]
22:00:50.447 [Test worker] DEBUG org.springframework.test.annotation.ProfileValueUtils - Retrieved ProfileValueSource type [class org.springframework.test.annotation.SystemProfileValueSource] for class [ch.course223.advanced.domainmodels.user.unit.UserController]
22:00:50.514 [Test worker] DEBUG org.springframework.test.context.support.TestPropertySourceUtils - Adding inlined properties to environment: {spring.jmx.enabled=false, org.springframework.boot.test.context.SpringBootTestContextBootstrapper=true, server.port=-1}

  .   ____          _            __ _ _
 /\\ / ___'_ __ _ _(_)_ __  __ _ \ \ \ \
( ( )\___ | '_ | '_| | '_ \/ _` | \ \ \ \
 \\/  ___)| |_)| | | | | || (_| |  ) ) ) )
  '  |____| .__|_| |_|_| |_\__, | / / / /
 =========|_|==============|___/=/_/_/_/
 :: Spring Boot ::        (v2.2.6.RELEASE)

2020-04-11 22:00:51.221  INFO 26114 --- [    Test worker] c.c.a.d.user.unit.UserController         : Starting UserController on aschvin-Surface-Book with PID 26114 (started by aschvin in /home/aschvin/Documents/Yves_uek/uek_223_advanced)
2020-04-11 22:00:51.226  INFO 26114 --- [    Test worker] c.c.a.d.user.unit.UserController         : No active profile set, falling back to default profiles: default
2020-04-11 22:00:52.389  INFO 26114 --- [    Test worker] .s.d.r.c.RepositoryConfigurationDelegate : Bootstrapping Spring Data JPA repositories in DEFAULT mode.
2020-04-11 22:00:52.551  INFO 26114 --- [    Test worker] .s.d.r.c.RepositoryConfigurationDelegate : Finished Spring Data repository scanning in 149ms. Found 4 JPA repository interfaces.
2020-04-11 22:00:54.716  INFO 26114 --- [    Test worker] o.hibernate.jpa.internal.util.LogHelper  : HHH000204: Processing PersistenceUnitInfo [name: default]
2020-04-11 22:00:55.036  INFO 26114 --- [    Test worker] org.hibernate.Version                    : HHH000412: Hibernate ORM core version 5.4.12.Final
2020-04-11 22:00:55.093  INFO 26114 --- [    Test worker] o.hibernate.annotations.common.Version   : HCANN000001: Hibernate Commons Annotations {5.1.0.Final}
2020-04-11 22:00:55.260  INFO 26114 --- [    Test worker] com.zaxxer.hikari.HikariDataSource       : HikariPool-1 - Starting...
2020-04-11 22:00:55.537  INFO 26114 --- [    Test worker] com.zaxxer.hikari.HikariDataSource       : HikariPool-1 - Start completed.
2020-04-11 22:00:55.565  INFO 26114 --- [    Test worker] org.hibernate.dialect.Dialect            : HHH000400: Using dialect: org.hibernate.dialect.H2Dialect
2020-04-11 22:00:55.917  WARN 26114 --- [    Test worker] org.hibernate.id.UUIDHexGenerator        : HHH000409: Using org.hibernate.id.UUIDHexGenerator which does not generate IETF RFC 4122 compliant UUID values; consider using org.hibernate.id.UUIDGenerator instead
2020-04-11 22:00:56.564  INFO 26114 --- [    Test worker] o.h.e.t.j.p.i.JtaPlatformInitiator       : HHH000490: Using JtaPlatform implementation: [org.hibernate.engine.transaction.jta.platform.internal.NoJtaPlatform]
2020-04-11 22:00:56.578  INFO 26114 --- [    Test worker] j.LocalContainerEntityManagerFactoryBean : Initialized JPA EntityManagerFactory for persistence unit 'default'
2020-04-11 22:00:56.715  WARN 26114 --- [    Test worker] JpaBaseConfiguration$JpaWebConfiguration : spring.jpa.open-in-view is enabled by default. Therefore, database queries may be performed during view rendering. Explicitly configure spring.jpa.open-in-view to disable this warning
2020-04-11 22:00:57.134  INFO 26114 --- [    Test worker] o.s.s.web.DefaultSecurityFilterChain     : Creating filter chain: any request, [org.springframework.security.web.context.request.async.WebAsyncManagerIntegrationFilter@54ab818c, org.springframework.security.web.context.SecurityContextPersistenceFilter@140f9c75, org.springframework.security.web.header.HeaderWriterFilter@3674760, org.springframework.web.filter.CorsFilter@12118133, org.springframework.security.web.authentication.logout.LogoutFilter@289cc96c, ch.course223.advanced.security.JWTAuthenticationFilter@77917970, ch.course223.advanced.security.JWTAuthorizationFilter@65a81a0a, org.springframework.security.web.savedrequest.RequestCacheAwareFilter@3cea60a7, org.springframework.security.web.servletapi.SecurityContextHolderAwareRequestFilter@5aa3eec0, org.springframework.security.web.authentication.AnonymousAuthenticationFilter@6d8750d2, org.springframework.security.web.session.SessionManagementFilter@19671543, org.springframework.security.web.access.ExceptionTranslationFilter@4214a561, org.springframework.security.web.access.intercept.FilterSecurityInterceptor@3f06c80c]
2020-04-11 22:00:58.260  INFO 26114 --- [    Test worker] o.s.s.concurrent.ThreadPoolTaskExecutor  : Initializing ExecutorService 'applicationTaskExecutor'
2020-04-11 22:00:58.793  INFO 26114 --- [    Test worker] o.s.b.t.m.w.SpringBootMockServletContext : Initializing Spring TestDispatcherServlet ''
2020-04-11 22:00:58.794  INFO 26114 --- [    Test worker] o.s.t.web.servlet.TestDispatcherServlet  : Initializing Servlet ''
2020-04-11 22:00:58.811  INFO 26114 --- [    Test worker] o.s.t.web.servlet.TestDispatcherServlet  : Completed initialization in 17 ms
2020-04-11 22:00:58.837  INFO 26114 --- [    Test worker] c.c.a.d.user.unit.UserController         : Started UserController in 8.299 seconds (JVM running for 11.02)
]]></system-out>
  <system-err><![CDATA[]]></system-err>
</testsuite>
