<?xml version="1.0" encoding="UTF-8"?>
<testsuite name="ch.course223.advanced.domainmodels.user.unit.UserController" tests="6" skipped="0" failures="0" errors="0" timestamp="2020-04-11T23:12:16" hostname="aschvin-Surface-Book" time="0.775">
  <properties/>
  <testcase name="findAll_requestAllUsers_returnsAllUsers" classname="ch.course223.advanced.domainmodels.user.unit.UserController" time="0.319"/>
  <testcase name="updateUserById_requestUserDTOToBeUpdated_returnUpdatedUserDTO" classname="ch.course223.advanced.domainmodels.user.unit.UserController" time="0.256"/>
  <testcase name="create_requestUserDTOWithMissingEmailToBeCreated_returnBadRequest" classname="ch.course223.advanced.domainmodels.user.unit.UserController" time="0.067"/>
  <testcase name="deleteUserById_requestADeletionOfUserById_returnAppropriateState" classname="ch.course223.advanced.domainmodels.user.unit.UserController" time="0.018"/>
  <testcase name="findById_requestUserById_returnsUser" classname="ch.course223.advanced.domainmodels.user.unit.UserController" time="0.03"/>
  <testcase name="create_deliverUserDTOToCreate_returnCreatedUserDTO" classname="ch.course223.advanced.domainmodels.user.unit.UserController" time="0.066"/>
  <system-out><![CDATA[01:12:02.129 [Test worker] DEBUG org.springframework.test.annotation.ProfileValueUtils - Retrieved @ProfileValueSourceConfiguration [null] for test class [ch.course223.advanced.domainmodels.user.unit.UserController]
01:12:02.130 [Test worker] DEBUG org.springframework.test.annotation.ProfileValueUtils - Retrieved ProfileValueSource type [class org.springframework.test.annotation.SystemProfileValueSource] for class [ch.course223.advanced.domainmodels.user.unit.UserController]
01:12:02.132 [Test worker] DEBUG org.springframework.test.annotation.ProfileValueUtils - Retrieved @ProfileValueSourceConfiguration [null] for test class [ch.course223.advanced.domainmodels.user.unit.UserController]
01:12:02.132 [Test worker] DEBUG org.springframework.test.annotation.ProfileValueUtils - Retrieved ProfileValueSource type [class org.springframework.test.annotation.SystemProfileValueSource] for class [ch.course223.advanced.domainmodels.user.unit.UserController]
01:12:02.137 [Test worker] DEBUG org.springframework.test.context.support.AbstractDirtiesContextTestExecutionListener - Before test class: context [DefaultTestContext@3a60a258 testClass = UserController, testInstance = [null], testMethod = [null], testException = [null], mergedContextConfiguration = [WebMergedContextConfiguration@d03736a testClass = UserController, locations = '{}', classes = '{class ch.course223.advanced.Main}', contextInitializerClasses = '[]', activeProfiles = '{}', propertySourceLocations = '{classpath:application-test.properties}', propertySourceProperties = '{org.springframework.boot.test.context.SpringBootTestContextBootstrapper=true}', contextCustomizers = set[org.springframework.boot.test.autoconfigure.properties.PropertyMappingContextCustomizer@4b3fa0b3, org.springframework.boot.test.autoconfigure.web.servlet.WebDriverContextCustomizerFactory$Customizer@2a22fea7, [ImportsContextCustomizer@56f8b847 key = [org.springframework.boot.test.autoconfigure.web.servlet.MockMvcAutoConfiguration, org.springframework.boot.test.autoconfigure.web.servlet.MockMvcWebClientAutoConfiguration, org.springframework.boot.test.autoconfigure.web.servlet.MockMvcWebDriverAutoConfiguration, org.springframework.boot.autoconfigure.security.servlet.SecurityAutoConfiguration, org.springframework.boot.autoconfigure.security.servlet.UserDetailsServiceAutoConfiguration, org.springframework.boot.test.autoconfigure.web.servlet.MockMvcSecurityConfiguration]], org.springframework.boot.test.context.filter.ExcludeFilterContextCustomizer@6aeabc35, org.springframework.boot.test.json.DuplicateJsonObjectContextCustomizerFactory$DuplicateJsonObjectContextCustomizer@513c9b7e, org.springframework.boot.test.mock.mockito.MockitoContextCustomizer@ceaad03, org.springframework.boot.test.web.client.TestRestTemplateContextCustomizer@443b31f1], resourceBasePath = 'src/main/webapp', contextLoader = 'org.springframework.boot.test.context.SpringBootContextLoader', parent = [null]], attributes = map['org.springframework.test.context.web.ServletTestExecutionListener.activateListener' -> true]], class annotated with @DirtiesContext [false] with mode [null].
01:12:02.148 [Test worker] DEBUG org.springframework.test.annotation.ProfileValueUtils - Retrieved @ProfileValueSourceConfiguration [null] for test class [ch.course223.advanced.domainmodels.user.unit.UserController]
01:12:02.149 [Test worker] DEBUG org.springframework.test.annotation.ProfileValueUtils - Retrieved ProfileValueSource type [class org.springframework.test.annotation.SystemProfileValueSource] for class [ch.course223.advanced.domainmodels.user.unit.UserController]
01:12:02.200 [Test worker] DEBUG org.springframework.test.context.support.TestPropertySourceUtils - Adding inlined properties to environment: {spring.jmx.enabled=false, org.springframework.boot.test.context.SpringBootTestContextBootstrapper=true, server.port=-1}

  .   ____          _            __ _ _
 /\\ / ___'_ __ _ _(_)_ __  __ _ \ \ \ \
( ( )\___ | '_ | '_| | '_ \/ _` | \ \ \ \
 \\/  ___)| |_)| | | | | || (_| |  ) ) ) )
  '  |____| .__|_| |_|_| |_\__, | / / / /
 =========|_|==============|___/=/_/_/_/
 :: Spring Boot ::        (v2.2.6.RELEASE)

2020-04-12 01:12:03.005  INFO 4631 --- [    Test worker] c.c.a.d.user.unit.UserController         : Starting UserController on aschvin-Surface-Book with PID 4631 (started by aschvin in /home/aschvin/Documents/Yves_uek/uek_223_advanced)
2020-04-12 01:12:03.009  INFO 4631 --- [    Test worker] c.c.a.d.user.unit.UserController         : No active profile set, falling back to default profiles: default
2020-04-12 01:12:05.208  INFO 4631 --- [    Test worker] .s.d.r.c.RepositoryConfigurationDelegate : Bootstrapping Spring Data JPA repositories in DEFAULT mode.
2020-04-12 01:12:05.480  INFO 4631 --- [    Test worker] .s.d.r.c.RepositoryConfigurationDelegate : Finished Spring Data repository scanning in 249ms. Found 4 JPA repository interfaces.
2020-04-12 01:12:08.383  INFO 4631 --- [    Test worker] o.hibernate.jpa.internal.util.LogHelper  : HHH000204: Processing PersistenceUnitInfo [name: default]
2020-04-12 01:12:08.582  INFO 4631 --- [    Test worker] org.hibernate.Version                    : HHH000412: Hibernate ORM core version 5.4.12.Final
2020-04-12 01:12:08.674  INFO 4631 --- [    Test worker] o.hibernate.annotations.common.Version   : HCANN000001: Hibernate Commons Annotations {5.1.0.Final}
2020-04-12 01:12:08.988  INFO 4631 --- [    Test worker] com.zaxxer.hikari.HikariDataSource       : HikariPool-1 - Starting...
2020-04-12 01:12:09.452  INFO 4631 --- [    Test worker] com.zaxxer.hikari.HikariDataSource       : HikariPool-1 - Start completed.
2020-04-12 01:12:09.499  INFO 4631 --- [    Test worker] org.hibernate.dialect.Dialect            : HHH000400: Using dialect: org.hibernate.dialect.H2Dialect
2020-04-12 01:12:10.047  WARN 4631 --- [    Test worker] org.hibernate.id.UUIDHexGenerator        : HHH000409: Using org.hibernate.id.UUIDHexGenerator which does not generate IETF RFC 4122 compliant UUID values; consider using org.hibernate.id.UUIDGenerator instead
2020-04-12 01:12:11.097  INFO 4631 --- [    Test worker] o.h.e.t.j.p.i.JtaPlatformInitiator       : HHH000490: Using JtaPlatform implementation: [org.hibernate.engine.transaction.jta.platform.internal.NoJtaPlatform]
2020-04-12 01:12:11.115  INFO 4631 --- [    Test worker] j.LocalContainerEntityManagerFactoryBean : Initialized JPA EntityManagerFactory for persistence unit 'default'
2020-04-12 01:12:11.571  WARN 4631 --- [    Test worker] JpaBaseConfiguration$JpaWebConfiguration : spring.jpa.open-in-view is enabled by default. Therefore, database queries may be performed during view rendering. Explicitly configure spring.jpa.open-in-view to disable this warning
2020-04-12 01:12:12.435  INFO 4631 --- [    Test worker] o.s.s.web.DefaultSecurityFilterChain     : Creating filter chain: any request, [org.springframework.security.web.context.request.async.WebAsyncManagerIntegrationFilter@12c4633a, org.springframework.security.web.context.SecurityContextPersistenceFilter@6e48473b, org.springframework.security.web.header.HeaderWriterFilter@afb4652, org.springframework.web.filter.CorsFilter@57484f5a, org.springframework.security.web.authentication.logout.LogoutFilter@5522bda3, ch.course223.advanced.security.JWTAuthenticationFilter@7a67fc29, ch.course223.advanced.security.JWTAuthorizationFilter@173fd314, org.springframework.security.web.savedrequest.RequestCacheAwareFilter@59fece5a, org.springframework.security.web.servletapi.SecurityContextHolderAwareRequestFilter@cd71a2, org.springframework.security.web.authentication.AnonymousAuthenticationFilter@26d3af7a, org.springframework.security.web.session.SessionManagementFilter@69b64fb2, org.springframework.security.web.access.ExceptionTranslationFilter@241f4d66, org.springframework.security.web.access.intercept.FilterSecurityInterceptor@104636bb]
2020-04-12 01:12:14.822  INFO 4631 --- [    Test worker] o.s.s.concurrent.ThreadPoolTaskExecutor  : Initializing ExecutorService 'applicationTaskExecutor'
2020-04-12 01:12:15.863  INFO 4631 --- [    Test worker] o.s.b.t.m.w.SpringBootMockServletContext : Initializing Spring TestDispatcherServlet ''
2020-04-12 01:12:15.864  INFO 4631 --- [    Test worker] o.s.t.web.servlet.TestDispatcherServlet  : Initializing Servlet ''
2020-04-12 01:12:15.897  INFO 4631 --- [    Test worker] o.s.t.web.servlet.TestDispatcherServlet  : Completed initialization in 31 ms
2020-04-12 01:12:15.951  INFO 4631 --- [    Test worker] c.c.a.d.user.unit.UserController         : Started UserController in 13.729 seconds (JVM running for 16.762)
2020-04-12 01:12:16.631  WARN 4631 --- [    Test worker] .w.s.m.s.DefaultHandlerExceptionResolver : Resolved [org.springframework.web.bind.MethodArgumentNotValidException: Validation failed for argument [0] in public org.springframework.http.ResponseEntity<ch.course223.advanced.domainmodels.user.UserDTO> ch.course223.advanced.domainmodels.user.UserController.create(ch.course223.advanced.domainmodels.user.UserDTO): [Field error in object 'userDTO' on field 'email': rejected value [null]; codes [NotNull.userDTO.email,NotNull.email,NotNull.java.lang.String,NotNull]; arguments [org.springframework.context.support.DefaultMessageSourceResolvable: codes [userDTO.email,email]; arguments []; default message [email]]; default message []] ]
]]></system-out>
  <system-err><![CDATA[]]></system-err>
</testsuite>
