<?xml version="1.0" encoding="UTF-8"?>
<testsuite name="ch.course223.advanced.domainmodels.user.unit.UserController" tests="1" skipped="0" failures="0" errors="0" timestamp="2020-04-12T06:47:57" hostname="Yvess-MacBook-Pro.local" time="0.224">
  <properties/>
  <testcase name="updateUserById_requestUserDTOWithFalseEmail_returnBadRequest" classname="ch.course223.advanced.domainmodels.user.unit.UserController" time="0.224"/>
  <system-out><![CDATA[08:47:51.291 [Test worker] DEBUG org.springframework.test.annotation.ProfileValueUtils - Retrieved @ProfileValueSourceConfiguration [null] for test class [ch.course223.advanced.domainmodels.user.unit.UserController]
08:47:51.292 [Test worker] DEBUG org.springframework.test.annotation.ProfileValueUtils - Retrieved ProfileValueSource type [class org.springframework.test.annotation.SystemProfileValueSource] for class [ch.course223.advanced.domainmodels.user.unit.UserController]
08:47:51.293 [Test worker] DEBUG org.springframework.test.annotation.ProfileValueUtils - Retrieved @ProfileValueSourceConfiguration [null] for test class [ch.course223.advanced.domainmodels.user.unit.UserController]
08:47:51.294 [Test worker] DEBUG org.springframework.test.annotation.ProfileValueUtils - Retrieved ProfileValueSource type [class org.springframework.test.annotation.SystemProfileValueSource] for class [ch.course223.advanced.domainmodels.user.unit.UserController]
08:47:51.300 [Test worker] DEBUG org.springframework.test.context.support.AbstractDirtiesContextTestExecutionListener - Before test class: context [DefaultTestContext@83bad4 testClass = UserController, testInstance = [null], testMethod = [null], testException = [null], mergedContextConfiguration = [WebMergedContextConfiguration@26807671 testClass = UserController, locations = '{}', classes = '{class ch.course223.advanced.Main}', contextInitializerClasses = '[]', activeProfiles = '{}', propertySourceLocations = '{classpath:application-test.properties}', propertySourceProperties = '{org.springframework.boot.test.context.SpringBootTestContextBootstrapper=true}', contextCustomizers = set[org.springframework.boot.test.autoconfigure.properties.PropertyMappingContextCustomizer@4b3fa0b3, org.springframework.boot.test.autoconfigure.web.servlet.WebDriverContextCustomizerFactory$Customizer@149ad5b8, [ImportsContextCustomizer@16795288 key = [org.springframework.boot.test.autoconfigure.web.servlet.MockMvcAutoConfiguration, org.springframework.boot.test.autoconfigure.web.servlet.MockMvcWebClientAutoConfiguration, org.springframework.boot.test.autoconfigure.web.servlet.MockMvcWebDriverAutoConfiguration, org.springframework.boot.autoconfigure.security.servlet.SecurityAutoConfiguration, org.springframework.boot.autoconfigure.security.servlet.UserDetailsServiceAutoConfiguration, org.springframework.boot.test.autoconfigure.web.servlet.MockMvcSecurityConfiguration]], org.springframework.boot.test.context.filter.ExcludeFilterContextCustomizer@3b3e6a6e, org.springframework.boot.test.json.DuplicateJsonObjectContextCustomizerFactory$DuplicateJsonObjectContextCustomizer@424f4726, org.springframework.boot.test.mock.mockito.MockitoContextCustomizer@afbadef5, org.springframework.boot.test.web.client.TestRestTemplateContextCustomizer@688835f7], resourceBasePath = 'src/main/webapp', contextLoader = 'org.springframework.boot.test.context.SpringBootContextLoader', parent = [null]], attributes = map['org.springframework.test.context.web.ServletTestExecutionListener.activateListener' -> true]], class annotated with @DirtiesContext [false] with mode [null].
08:47:51.306 [Test worker] DEBUG org.springframework.test.annotation.ProfileValueUtils - Retrieved @ProfileValueSourceConfiguration [null] for test class [ch.course223.advanced.domainmodels.user.unit.UserController]
08:47:51.306 [Test worker] DEBUG org.springframework.test.annotation.ProfileValueUtils - Retrieved ProfileValueSource type [class org.springframework.test.annotation.SystemProfileValueSource] for class [ch.course223.advanced.domainmodels.user.unit.UserController]
08:47:51.337 [Test worker] DEBUG org.springframework.test.context.support.TestPropertySourceUtils - Adding inlined properties to environment: {spring.jmx.enabled=false, org.springframework.boot.test.context.SpringBootTestContextBootstrapper=true, server.port=-1}

  .   ____          _            __ _ _
 /\\ / ___'_ __ _ _(_)_ __  __ _ \ \ \ \
( ( )\___ | '_ | '_| | '_ \/ _` | \ \ \ \
 \\/  ___)| |_)| | | | | || (_| |  ) ) ) )
  '  |____| .__|_| |_|_| |_\__, | / / / /
 =========|_|==============|___/=/_/_/_/
 :: Spring Boot ::        (v2.2.6.RELEASE)

2020-04-12 08:47:51.978  INFO 15528 --- [    Test worker] c.c.a.d.user.unit.UserController         : Starting UserController on Yvess-MacBook-Pro.local with PID 15528 (started by yk in /Users/yk/Desktop/advanced/uek_223_advanced)
2020-04-12 08:47:51.981  INFO 15528 --- [    Test worker] c.c.a.d.user.unit.UserController         : No active profile set, falling back to default profiles: default
2020-04-12 08:47:52.933  INFO 15528 --- [    Test worker] .s.d.r.c.RepositoryConfigurationDelegate : Bootstrapping Spring Data JPA repositories in DEFAULT mode.
2020-04-12 08:47:53.067  INFO 15528 --- [    Test worker] .s.d.r.c.RepositoryConfigurationDelegate : Finished Spring Data repository scanning in 123ms. Found 4 JPA repository interfaces.
2020-04-12 08:47:54.395  INFO 15528 --- [    Test worker] o.hibernate.jpa.internal.util.LogHelper  : HHH000204: Processing PersistenceUnitInfo [name: default]
2020-04-12 08:47:54.501  INFO 15528 --- [    Test worker] org.hibernate.Version                    : HHH000412: Hibernate ORM core version 5.4.12.Final
2020-04-12 08:47:54.547  INFO 15528 --- [    Test worker] o.hibernate.annotations.common.Version   : HCANN000001: Hibernate Commons Annotations {5.1.0.Final}
2020-04-12 08:47:54.670  INFO 15528 --- [    Test worker] com.zaxxer.hikari.HikariDataSource       : HikariPool-1 - Starting...
2020-04-12 08:47:54.841  INFO 15528 --- [    Test worker] com.zaxxer.hikari.HikariDataSource       : HikariPool-1 - Start completed.
2020-04-12 08:47:54.869  INFO 15528 --- [    Test worker] org.hibernate.dialect.Dialect            : HHH000400: Using dialect: org.hibernate.dialect.H2Dialect
2020-04-12 08:47:55.133  WARN 15528 --- [    Test worker] org.hibernate.id.UUIDHexGenerator        : HHH000409: Using org.hibernate.id.UUIDHexGenerator which does not generate IETF RFC 4122 compliant UUID values; consider using org.hibernate.id.UUIDGenerator instead
2020-04-12 08:47:55.630  INFO 15528 --- [    Test worker] o.h.e.t.j.p.i.JtaPlatformInitiator       : HHH000490: Using JtaPlatform implementation: [org.hibernate.engine.transaction.jta.platform.internal.NoJtaPlatform]
2020-04-12 08:47:55.635  INFO 15528 --- [    Test worker] j.LocalContainerEntityManagerFactoryBean : Initialized JPA EntityManagerFactory for persistence unit 'default'
2020-04-12 08:47:55.766  WARN 15528 --- [    Test worker] JpaBaseConfiguration$JpaWebConfiguration : spring.jpa.open-in-view is enabled by default. Therefore, database queries may be performed during view rendering. Explicitly configure spring.jpa.open-in-view to disable this warning
2020-04-12 08:47:56.084  INFO 15528 --- [    Test worker] o.s.s.web.DefaultSecurityFilterChain     : Creating filter chain: any request, [org.springframework.security.web.context.request.async.WebAsyncManagerIntegrationFilter@63eaa1bb, org.springframework.security.web.context.SecurityContextPersistenceFilter@35e0d2ee, org.springframework.security.web.header.HeaderWriterFilter@14b4aafb, org.springframework.web.filter.CorsFilter@5bc8df83, org.springframework.security.web.authentication.logout.LogoutFilter@1b0e6a74, ch.course223.advanced.security.JWTAuthenticationFilter@48eb0a99, ch.course223.advanced.security.JWTAuthorizationFilter@4b11712e, org.springframework.security.web.savedrequest.RequestCacheAwareFilter@301e5336, org.springframework.security.web.servletapi.SecurityContextHolderAwareRequestFilter@d06bbe0, org.springframework.security.web.authentication.AnonymousAuthenticationFilter@7dc0f68e, org.springframework.security.web.session.SessionManagementFilter@4362c717, org.springframework.security.web.access.ExceptionTranslationFilter@26ccee0c, org.springframework.security.web.access.intercept.FilterSecurityInterceptor@7ceb35fa]
2020-04-12 08:47:56.916  INFO 15528 --- [    Test worker] o.s.s.concurrent.ThreadPoolTaskExecutor  : Initializing ExecutorService 'applicationTaskExecutor'
2020-04-12 08:47:57.352  INFO 15528 --- [    Test worker] o.s.b.t.m.w.SpringBootMockServletContext : Initializing Spring TestDispatcherServlet ''
2020-04-12 08:47:57.352  INFO 15528 --- [    Test worker] o.s.t.web.servlet.TestDispatcherServlet  : Initializing Servlet ''
2020-04-12 08:47:57.368  INFO 15528 --- [    Test worker] o.s.t.web.servlet.TestDispatcherServlet  : Completed initialization in 15 ms
2020-04-12 08:47:57.399  INFO 15528 --- [    Test worker] c.c.a.d.user.unit.UserController         : Started UserController in 6.042 seconds (JVM running for 7.519)
2020-04-12 08:47:57.629  WARN 15528 --- [    Test worker] .w.s.m.s.DefaultHandlerExceptionResolver : Resolved [org.springframework.web.bind.MethodArgumentNotValidException: Validation failed for argument [0] in public org.springframework.http.ResponseEntity<ch.course223.advanced.domainmodels.user.UserDTO> ch.course223.advanced.domainmodels.user.UserController.create(ch.course223.advanced.domainmodels.user.UserDTO): [Field error in object 'userDTO' on field 'email': rejected value [null]; codes [NotNull.userDTO.email,NotNull.email,NotNull.java.lang.String,NotNull]; arguments [org.springframework.context.support.DefaultMessageSourceResolvable: codes [userDTO.email,email]; arguments []; default message [email]]; default message []] ]
]]></system-out>
  <system-err><![CDATA[]]></system-err>
</testsuite>
