<?xml version="1.0" encoding="UTF-8"?>
<testsuite name="ch.course223.advanced.domainmodels.user.unit.UserController" tests="6" skipped="0" failures="0" errors="0" timestamp="2020-04-11T22:54:26" hostname="aschvin-Surface-Book" time="0.825">
  <properties/>
  <testcase name="findAll_requestAllUsers_returnsAllUsers" classname="ch.course223.advanced.domainmodels.user.unit.UserController" time="0.368"/>
  <testcase name="updateUserById_requestUserDTOToBeUpdated_returnUpdatedUserDTO" classname="ch.course223.advanced.domainmodels.user.unit.UserController" time="0.242"/>
  <testcase name="create_requestUserDTOWithMissingEmailToBeCreated_returnBadRequest" classname="ch.course223.advanced.domainmodels.user.unit.UserController" time="0.063"/>
  <testcase name="deleteUserById_requestADeletionOfUserById_returnAppropriateState" classname="ch.course223.advanced.domainmodels.user.unit.UserController" time="0.016"/>
  <testcase name="findById_requestUserById_returnsUser" classname="ch.course223.advanced.domainmodels.user.unit.UserController" time="0.042"/>
  <testcase name="create_deliverUserDTOToCreate_returnCreatedUserDTO" classname="ch.course223.advanced.domainmodels.user.unit.UserController" time="0.06"/>
  <system-out><![CDATA[00:54:14.417 [Test worker] DEBUG org.springframework.test.annotation.ProfileValueUtils - Retrieved @ProfileValueSourceConfiguration [null] for test class [ch.course223.advanced.domainmodels.user.unit.UserController]
00:54:14.418 [Test worker] DEBUG org.springframework.test.annotation.ProfileValueUtils - Retrieved ProfileValueSource type [class org.springframework.test.annotation.SystemProfileValueSource] for class [ch.course223.advanced.domainmodels.user.unit.UserController]
00:54:14.421 [Test worker] DEBUG org.springframework.test.annotation.ProfileValueUtils - Retrieved @ProfileValueSourceConfiguration [null] for test class [ch.course223.advanced.domainmodels.user.unit.UserController]
00:54:14.422 [Test worker] DEBUG org.springframework.test.annotation.ProfileValueUtils - Retrieved ProfileValueSource type [class org.springframework.test.annotation.SystemProfileValueSource] for class [ch.course223.advanced.domainmodels.user.unit.UserController]
00:54:14.431 [Test worker] DEBUG org.springframework.test.context.support.AbstractDirtiesContextTestExecutionListener - Before test class: context [DefaultTestContext@420b4d6e testClass = UserController, testInstance = [null], testMethod = [null], testException = [null], mergedContextConfiguration = [WebMergedContextConfiguration@51017f31 testClass = UserController, locations = '{}', classes = '{class ch.course223.advanced.Main}', contextInitializerClasses = '[]', activeProfiles = '{}', propertySourceLocations = '{classpath:application-test.properties}', propertySourceProperties = '{org.springframework.boot.test.context.SpringBootTestContextBootstrapper=true}', contextCustomizers = set[org.springframework.boot.test.autoconfigure.properties.PropertyMappingContextCustomizer@4b3fa0b3, org.springframework.boot.test.autoconfigure.web.servlet.WebDriverContextCustomizerFactory$Customizer@2b8d5d10, [ImportsContextCustomizer@1549fe70 key = [org.springframework.boot.test.autoconfigure.web.servlet.MockMvcAutoConfiguration, org.springframework.boot.test.autoconfigure.web.servlet.MockMvcWebClientAutoConfiguration, org.springframework.boot.test.autoconfigure.web.servlet.MockMvcWebDriverAutoConfiguration, org.springframework.boot.autoconfigure.security.servlet.SecurityAutoConfiguration, org.springframework.boot.autoconfigure.security.servlet.UserDetailsServiceAutoConfiguration, org.springframework.boot.test.autoconfigure.web.servlet.MockMvcSecurityConfiguration]], org.springframework.boot.test.context.filter.ExcludeFilterContextCustomizer@263eca1d, org.springframework.boot.test.json.DuplicateJsonObjectContextCustomizerFactory$DuplicateJsonObjectContextCustomizer@703c5f3b, org.springframework.boot.test.mock.mockito.MockitoContextCustomizer@cbf65bba, org.springframework.boot.test.web.client.TestRestTemplateContextCustomizer@3133604d], resourceBasePath = 'src/main/webapp', contextLoader = 'org.springframework.boot.test.context.SpringBootContextLoader', parent = [null]], attributes = map['org.springframework.test.context.web.ServletTestExecutionListener.activateListener' -> true]], class annotated with @DirtiesContext [false] with mode [null].
00:54:14.439 [Test worker] DEBUG org.springframework.test.annotation.ProfileValueUtils - Retrieved @ProfileValueSourceConfiguration [null] for test class [ch.course223.advanced.domainmodels.user.unit.UserController]
00:54:14.440 [Test worker] DEBUG org.springframework.test.annotation.ProfileValueUtils - Retrieved ProfileValueSource type [class org.springframework.test.annotation.SystemProfileValueSource] for class [ch.course223.advanced.domainmodels.user.unit.UserController]
00:54:14.524 [Test worker] DEBUG org.springframework.test.context.support.TestPropertySourceUtils - Adding inlined properties to environment: {spring.jmx.enabled=false, org.springframework.boot.test.context.SpringBootTestContextBootstrapper=true, server.port=-1}

  .   ____          _            __ _ _
 /\\ / ___'_ __ _ _(_)_ __  __ _ \ \ \ \
( ( )\___ | '_ | '_| | '_ \/ _` | \ \ \ \
 \\/  ___)| |_)| | | | | || (_| |  ) ) ) )
  '  |____| .__|_| |_|_| |_\__, | / / / /
 =========|_|==============|___/=/_/_/_/
 :: Spring Boot ::        (v2.2.6.RELEASE)

2020-04-12 00:54:15.362  INFO 3598 --- [    Test worker] c.c.a.d.user.unit.UserController         : Starting UserController on aschvin-Surface-Book with PID 3598 (started by aschvin in /home/aschvin/Documents/Yves_uek/uek_223_advanced)
2020-04-12 00:54:15.365  INFO 3598 --- [    Test worker] c.c.a.d.user.unit.UserController         : No active profile set, falling back to default profiles: default
2020-04-12 00:54:17.164  INFO 3598 --- [    Test worker] .s.d.r.c.RepositoryConfigurationDelegate : Bootstrapping Spring Data JPA repositories in DEFAULT mode.
2020-04-12 00:54:17.463  INFO 3598 --- [    Test worker] .s.d.r.c.RepositoryConfigurationDelegate : Finished Spring Data repository scanning in 258ms. Found 4 JPA repository interfaces.
2020-04-12 00:54:19.983  INFO 3598 --- [    Test worker] o.hibernate.jpa.internal.util.LogHelper  : HHH000204: Processing PersistenceUnitInfo [name: default]
2020-04-12 00:54:20.133  INFO 3598 --- [    Test worker] org.hibernate.Version                    : HHH000412: Hibernate ORM core version 5.4.12.Final
2020-04-12 00:54:20.232  INFO 3598 --- [    Test worker] o.hibernate.annotations.common.Version   : HCANN000001: Hibernate Commons Annotations {5.1.0.Final}
2020-04-12 00:54:20.504  INFO 3598 --- [    Test worker] com.zaxxer.hikari.HikariDataSource       : HikariPool-1 - Starting...
2020-04-12 00:54:20.838  INFO 3598 --- [    Test worker] com.zaxxer.hikari.HikariDataSource       : HikariPool-1 - Start completed.
2020-04-12 00:54:20.898  INFO 3598 --- [    Test worker] org.hibernate.dialect.Dialect            : HHH000400: Using dialect: org.hibernate.dialect.H2Dialect
2020-04-12 00:54:21.509  WARN 3598 --- [    Test worker] org.hibernate.id.UUIDHexGenerator        : HHH000409: Using org.hibernate.id.UUIDHexGenerator which does not generate IETF RFC 4122 compliant UUID values; consider using org.hibernate.id.UUIDGenerator instead
2020-04-12 00:54:22.489  INFO 3598 --- [    Test worker] o.h.e.t.j.p.i.JtaPlatformInitiator       : HHH000490: Using JtaPlatform implementation: [org.hibernate.engine.transaction.jta.platform.internal.NoJtaPlatform]
2020-04-12 00:54:22.519  INFO 3598 --- [    Test worker] j.LocalContainerEntityManagerFactoryBean : Initialized JPA EntityManagerFactory for persistence unit 'default'
2020-04-12 00:54:22.816  WARN 3598 --- [    Test worker] JpaBaseConfiguration$JpaWebConfiguration : spring.jpa.open-in-view is enabled by default. Therefore, database queries may be performed during view rendering. Explicitly configure spring.jpa.open-in-view to disable this warning
2020-04-12 00:54:23.625  INFO 3598 --- [    Test worker] o.s.s.web.DefaultSecurityFilterChain     : Creating filter chain: any request, [org.springframework.security.web.context.request.async.WebAsyncManagerIntegrationFilter@7c505ba9, org.springframework.security.web.context.SecurityContextPersistenceFilter@56e734b, org.springframework.security.web.header.HeaderWriterFilter@2dc5dfdc, org.springframework.web.filter.CorsFilter@136e111b, org.springframework.security.web.authentication.logout.LogoutFilter@18daa4dd, ch.course223.advanced.security.JWTAuthenticationFilter@1a07117e, ch.course223.advanced.security.JWTAuthorizationFilter@79005451, org.springframework.security.web.savedrequest.RequestCacheAwareFilter@5da77339, org.springframework.security.web.servletapi.SecurityContextHolderAwareRequestFilter@c5581c0, org.springframework.security.web.authentication.AnonymousAuthenticationFilter@7f3d5cb, org.springframework.security.web.session.SessionManagementFilter@4054bc8a, org.springframework.security.web.access.ExceptionTranslationFilter@5367a985, org.springframework.security.web.access.intercept.FilterSecurityInterceptor@7aaf42de]
2020-04-12 00:54:25.561  INFO 3598 --- [    Test worker] o.s.s.concurrent.ThreadPoolTaskExecutor  : Initializing ExecutorService 'applicationTaskExecutor'
2020-04-12 00:54:26.473  INFO 3598 --- [    Test worker] o.s.b.t.m.w.SpringBootMockServletContext : Initializing Spring TestDispatcherServlet ''
2020-04-12 00:54:26.474  INFO 3598 --- [    Test worker] o.s.t.web.servlet.TestDispatcherServlet  : Initializing Servlet ''
2020-04-12 00:54:26.523  INFO 3598 --- [    Test worker] o.s.t.web.servlet.TestDispatcherServlet  : Completed initialization in 48 ms
2020-04-12 00:54:26.593  INFO 3598 --- [    Test worker] c.c.a.d.user.unit.UserController         : Started UserController in 12.034 seconds (JVM running for 14.475)
2020-04-12 00:54:27.340  WARN 3598 --- [    Test worker] .w.s.m.s.DefaultHandlerExceptionResolver : Resolved [org.springframework.web.bind.MethodArgumentNotValidException: Validation failed for argument [0] in public org.springframework.http.ResponseEntity<ch.course223.advanced.domainmodels.user.UserDTO> ch.course223.advanced.domainmodels.user.UserController.create(ch.course223.advanced.domainmodels.user.UserDTO): [Field error in object 'userDTO' on field 'email': rejected value [null]; codes [NotNull.userDTO.email,NotNull.email,NotNull.java.lang.String,NotNull]; arguments [org.springframework.context.support.DefaultMessageSourceResolvable: codes [userDTO.email,email]; arguments []; default message [email]]; default message []] ]
]]></system-out>
  <system-err><![CDATA[]]></system-err>
</testsuite>
